<?xml version="1.0" encoding="UTF-8"?>
<!-- Generated by org.testng.reporters.JUnitReportReporter -->
<testsuite hostname="MM-Hmwepwint" failures="0" tests="3" name="com.demoautocicd.demoCICD.TestClass1" time="94.814" errors="0" timestamp="30 Dec 2021 03:05:26 GMT" skipped="0">
  <testcase classname="com.demoautocicd.demoCICD.TestClass1" name="Test3" time="14.614"/>
  <testcase classname="com.demoautocicd.demoCICD.TestClass1" name="Test1" time="68.531"/>
  <testcase classname="com.demoautocicd.demoCICD.TestClass1" name="Test2" time="11.669"/>
</testsuite> <!-- com.demoautocicd.demoCICD.TestClass1 -->
