<?xml version="1.0" encoding="UTF-8"?>
<!-- Generated by org.testng.reporters.JUnitReportReporter -->
<testsuite hostname="MM-Hmwepwint" failures="0" tests="3" name="com.demoautocicd.demoCICD.TestClass1" time="55.409" errors="0" timestamp="31 Dec 2021 11:46:54 GMT" skipped="0">
  <testcase classname="com.demoautocicd.demoCICD.TestClass1" name="Test1" time="22.981"/>
  <testcase classname="com.demoautocicd.demoCICD.TestClass1" name="Test2" time="15.419"/>
  <testcase classname="com.demoautocicd.demoCICD.TestClass1" name="Test3" time="17.009"/>
</testsuite> <!-- com.demoautocicd.demoCICD.TestClass1 -->
