<?xml version="1.0" encoding="UTF-8"?>
<!-- Generated by org.testng.reporters.JUnitReportReporter -->
<testsuite skipped="0" hostname="MM-Hmwepwint" name="com.demoautocicd.demoCICD.TestClass1" tests="3" failures="0" timestamp="27 Dec 2021 06:28:56 GMT" time="61.361" errors="0">
  <testcase name="Test3" time="43.008" classname="com.demoautocicd.demoCICD.TestClass1"/>
  <testcase name="Test2" time="9.507" classname="com.demoautocicd.demoCICD.TestClass1"/>
  <testcase name="Test1" time="8.846" classname="com.demoautocicd.demoCICD.TestClass1"/>
</testsuite> <!-- com.demoautocicd.demoCICD.TestClass1 -->
